[ 2016-12-06T08:33:33+08:00 ] 127.0.0.1 /weiju/index.php/admin
INFO: [ app_init ] --START--
INFO: Run Behavior\BuildLiteBehavior [ RunTime:0.000032s ]
INFO: [ app_init ] --END-- [ RunTime:0.001238s ]
INFO: [ app_begin ] --START--
INFO: Run Behavior\ReadHtmlCacheBehavior [ RunTime:0.002567s ]
INFO: [ app_begin ] --END-- [ RunTime:0.002855s ]
INFO: [ view_parse ] --START--
INFO: [ template_filter ] --START--
INFO: Run Behavior\ContentReplaceBehavior [ RunTime:0.000317s ]
INFO: [ template_filter ] --END-- [ RunTime:0.000622s ]
INFO: Run Behavior\ParseTemplateBehavior [ RunTime:0.347342s ]
INFO: [ view_parse ] --END-- [ RunTime:0.347490s ]
INFO: [ view_filter ] --START--
INFO: Run Behavior\WriteHtmlCacheBehavior [ RunTime:0.001691s ]
INFO: [ view_filter ] --END-- [ RunTime:0.001796s ]
INFO: [ app_end ] --START--
INFO: Run Behavior\ShowPageTraceBehavior [ RunTime:0.001827s ]
INFO: [ app_end ] --END-- [ RunTime:0.001919s ]

[ 2016-12-06T08:34:01+08:00 ] 127.0.0.1 /weiju/index.php/Admin/user/index
INFO: [ app_init ] --START--
INFO: Run Behavior\BuildLiteBehavior [ RunTime:0.000020s ]
INFO: [ app_init ] --END-- [ RunTime:0.000747s ]
INFO: [ app_begin ] --START--
INFO: Run Behavior\ReadHtmlCacheBehavior [ RunTime:0.001213s ]
INFO: [ app_begin ] --END-- [ RunTime:0.001327s ]
SQL: SHOW COLUMNS FROM `user` [ RunTime:0.8669s ]
SQL: SELECT `uid`,`name`,`password`,`type`,`star`,`thumb` FROM `user`  [ RunTime:0.0453s ]
INFO: [ view_parse ] --START--
INFO: [ template_filter ] --START--
INFO: Run Behavior\ContentReplaceBehavior [ RunTime:0.000148s ]
INFO: [ template_filter ] --END-- [ RunTime:0.000309s ]
NOTIC: [8] Undefined index: comment F:\websever\soft\weiju\Application\Runtime\Cache\Admin\65e605872ed5d34210f5b33beb13f5a3.php 第 141 行.
INFO: Run Behavior\ParseTemplateBehavior [ RunTime:0.054160s ]
INFO: [ view_parse ] --END-- [ RunTime:0.054304s ]
INFO: [ view_filter ] --START--
INFO: Run Behavior\WriteHtmlCacheBehavior [ RunTime:0.002357s ]
INFO: [ view_filter ] --END-- [ RunTime:0.002478s ]
INFO: [ app_end ] --START--
INFO: Run Behavior\ShowPageTraceBehavior [ RunTime:0.002522s ]
INFO: [ app_end ] --END-- [ RunTime:0.002631s ]

[ 2016-12-06T08:34:06+08:00 ] 127.0.0.1 /weiju/index.php/Admin/user/index
INFO: [ app_init ] --START--
INFO: Run Behavior\BuildLiteBehavior [ RunTime:0.000021s ]
INFO: [ app_init ] --END-- [ RunTime:0.000754s ]
INFO: [ app_begin ] --START--
INFO: Run Behavior\ReadHtmlCacheBehavior [ RunTime:0.000968s ]
INFO: [ app_begin ] --END-- [ RunTime:0.001070s ]
SQL: SHOW COLUMNS FROM `user` [ RunTime:0.0551s ]
SQL: SELECT `uid`,`name`,`password`,`type`,`star`,`thumb` FROM `user`  [ RunTime:0.0013s ]
INFO: [ view_parse ] --START--
INFO: [ template_filter ] --START--
INFO: Run Behavior\ContentReplaceBehavior [ RunTime:0.000115s ]
INFO: [ template_filter ] --END-- [ RunTime:0.000230s ]
NOTIC: [8] Undefined index: comment F:\websever\soft\weiju\Application\Runtime\Cache\Admin\65e605872ed5d34210f5b33beb13f5a3.php 第 141 行.
INFO: Run Behavior\ParseTemplateBehavior [ RunTime:0.027139s ]
INFO: [ view_parse ] --END-- [ RunTime:0.027302s ]
INFO: [ view_filter ] --START--
INFO: Run Behavior\WriteHtmlCacheBehavior [ RunTime:0.001102s ]
INFO: [ view_filter ] --END-- [ RunTime:0.001243s ]
INFO: [ app_end ] --START--
INFO: Run Behavior\ShowPageTraceBehavior [ RunTime:0.001957s ]
INFO: [ app_end ] --END-- [ RunTime:0.002110s ]

[ 2016-12-06T08:34:10+08:00 ] 127.0.0.1 /weiju/index.php/Admin/user/edit/uid/2
INFO: [ app_init ] --START--
INFO: Run Behavior\BuildLiteBehavior [ RunTime:0.000021s ]
INFO: [ app_init ] --END-- [ RunTime:0.000789s ]
INFO: [ app_begin ] --START--
INFO: Run Behavior\ReadHtmlCacheBehavior [ RunTime:0.001010s ]
INFO: [ app_begin ] --END-- [ RunTime:0.001107s ]
SQL: SHOW COLUMNS FROM `user` [ RunTime:0.0683s ]
SQL: SELECT * FROM `user` WHERE ( uid=2 ) LIMIT 1   [ RunTime:0.0288s ]
INFO: [ view_parse ] --START--
INFO: [ template_filter ] --START--
INFO: Run Behavior\ContentReplaceBehavior [ RunTime:0.000094s ]
INFO: [ template_filter ] --END-- [ RunTime:0.000182s ]
NOTIC: [8] Undefined index: head_pic F:\websever\soft\weiju\Application\Runtime\Cache\Admin\c5c8f88f4330c605468367c8bb60454a.php 第 112 行.
INFO: Run Behavior\ParseTemplateBehavior [ RunTime:0.021009s ]
INFO: [ view_parse ] --END-- [ RunTime:0.021144s ]
INFO: [ view_filter ] --START--
INFO: Run Behavior\WriteHtmlCacheBehavior [ RunTime:0.000575s ]
INFO: [ view_filter ] --END-- [ RunTime:0.000646s ]
INFO: [ app_end ] --START--
INFO: Run Behavior\ShowPageTraceBehavior [ RunTime:0.000981s ]
INFO: [ app_end ] --END-- [ RunTime:0.001057s ]

[ 2016-12-06T08:34:22+08:00 ] 127.0.0.1 /weiju/index.php/Admin/user/update
INFO: [ app_init ] --START--
INFO: Run Behavior\BuildLiteBehavior [ RunTime:0.000021s ]
INFO: [ app_init ] --END-- [ RunTime:0.000880s ]
INFO: [ app_begin ] --START--
INFO: Run Behavior\ReadHtmlCacheBehavior [ RunTime:0.001149s ]
INFO: [ app_begin ] --END-- [ RunTime:0.001264s ]
SQL: SHOW COLUMNS FROM `user` [ RunTime:0.0313s ]
NOTIC: [8] Undefined index: validate F:\websever\soft\weiju\ThinkPHP\Library\Think\Model.class.php 第 1185 行.
NOTIC: [8] Undefined index: auto F:\websever\soft\weiju\ThinkPHP\Library\Think\Model.class.php 第 1128 行.
INFO: [ view_parse ] --START--
INFO: [ template_filter ] --START--
INFO: Run Behavior\ContentReplaceBehavior [ RunTime:0.000064s ]
INFO: [ template_filter ] --END-- [ RunTime:0.000152s ]
INFO: Run Behavior\ParseTemplateBehavior [ RunTime:0.044677s ]
INFO: [ view_parse ] --END-- [ RunTime:0.044782s ]
INFO: [ view_filter ] --START--
INFO: Run Behavior\WriteHtmlCacheBehavior [ RunTime:0.000606s ]
INFO: [ view_filter ] --END-- [ RunTime:0.000679s ]

[ 2016-12-06T08:34:34+08:00 ] 127.0.0.1 /weiju/index.php/Admin/user/update
INFO: [ app_init ] --START--
INFO: Run Behavior\BuildLiteBehavior [ RunTime:0.000021s ]
INFO: [ app_init ] --END-- [ RunTime:0.001082s ]
INFO: [ app_begin ] --START--
INFO: Run Behavior\ReadHtmlCacheBehavior [ RunTime:0.002463s ]
INFO: [ app_begin ] --END-- [ RunTime:0.002614s ]
SQL: SHOW COLUMNS FROM `user` [ RunTime:0.0251s ]
NOTIC: [8] Undefined index: validate F:\websever\soft\weiju\ThinkPHP\Library\Think\Model.class.php 第 1185 行.
NOTIC: [8] Undefined index: auto F:\websever\soft\weiju\ThinkPHP\Library\Think\Model.class.php 第 1128 行.
INFO: [ view_parse ] --START--
INFO: [ template_filter ] --START--
INFO: Run Behavior\ContentReplaceBehavior [ RunTime:0.000064s ]
INFO: [ template_filter ] --END-- [ RunTime:0.000153s ]
INFO: Run Behavior\ParseTemplateBehavior [ RunTime:0.025829s ]
INFO: [ view_parse ] --END-- [ RunTime:0.025970s ]
INFO: [ view_filter ] --START--
INFO: Run Behavior\WriteHtmlCacheBehavior [ RunTime:0.001279s ]
INFO: [ view_filter ] --END-- [ RunTime:0.001366s ]

[ 2016-12-06T08:35:34+08:00 ] 127.0.0.1 /weiju/index.php/Admin/user/update
INFO: [ app_init ] --START--
INFO: Run Behavior\BuildLiteBehavior [ RunTime:0.000020s ]
INFO: [ app_init ] --END-- [ RunTime:0.000751s ]
INFO: [ app_begin ] --START--
INFO: Run Behavior\ReadHtmlCacheBehavior [ RunTime:0.000991s ]
INFO: [ app_begin ] --END-- [ RunTime:0.001085s ]
SQL: SHOW COLUMNS FROM `user` [ RunTime:0.0625s ]
NOTIC: [8] Undefined index: validate F:\websever\soft\weiju\ThinkPHP\Library\Think\Model.class.php 第 1185 行.
NOTIC: [8] Undefined index: auto F:\websever\soft\weiju\ThinkPHP\Library\Think\Model.class.php 第 1128 行.
INFO: [ view_parse ] --START--
INFO: [ template_filter ] --START--
INFO: Run Behavior\ContentReplaceBehavior [ RunTime:0.000064s ]
INFO: [ template_filter ] --END-- [ RunTime:0.000167s ]
INFO: Run Behavior\ParseTemplateBehavior [ RunTime:0.016756s ]
INFO: [ view_parse ] --END-- [ RunTime:0.016867s ]
INFO: [ view_filter ] --START--
INFO: Run Behavior\WriteHtmlCacheBehavior [ RunTime:0.001688s ]
INFO: [ view_filter ] --END-- [ RunTime:0.001762s ]

[ 2016-12-06T08:38:43+08:00 ] 127.0.0.1 /weiju/index.php/Admin/user/update
INFO: [ app_init ] --START--
INFO: Run Behavior\BuildLiteBehavior [ RunTime:0.000023s ]
INFO: [ app_init ] --END-- [ RunTime:0.001339s ]
INFO: [ app_begin ] --START--
INFO: Run Behavior\ReadHtmlCacheBehavior [ RunTime:0.002635s ]
INFO: [ app_begin ] --END-- [ RunTime:0.002781s ]
NOTIC: [2] call_user_func() expects parameter 1 to be a valid callback, no array or string given F:\websever\soft\weiju\ThinkPHP\Library\Think\Upload.class.php 第 170 行.
SQL: SHOW COLUMNS FROM `user` [ RunTime:0.0332s ]
NOTIC: [8] Undefined variable: usreModel F:\websever\soft\weiju\Application\Admin\Controller\UserController.class.php 第 79 行.

[ 2016-12-06T08:39:25+08:00 ] 127.0.0.1 /weiju/index.php/Admin/user/update
INFO: [ app_init ] --START--
INFO: Run Behavior\BuildLiteBehavior [ RunTime:0.000022s ]
INFO: [ app_init ] --END-- [ RunTime:0.001252s ]
INFO: [ app_begin ] --START--
INFO: Run Behavior\ReadHtmlCacheBehavior [ RunTime:0.003216s ]
INFO: [ app_begin ] --END-- [ RunTime:0.003322s ]
NOTIC: [2] call_user_func() expects parameter 1 to be a valid callback, no array or string given F:\websever\soft\weiju\ThinkPHP\Library\Think\Upload.class.php 第 170 行.
SQL: SHOW COLUMNS FROM `user` [ RunTime:0.0575s ]
NOTIC: [8] Undefined index: validate F:\websever\soft\weiju\ThinkPHP\Library\Think\Model.class.php 第 1185 行.
NOTIC: [8] Undefined index: auto F:\websever\soft\weiju\ThinkPHP\Library\Think\Model.class.php 第 1128 行.
NOTIC: [8] Undefined index: thumb F:\websever\soft\weiju\Application\Admin\Controller\UserController.class.php 第 82 行.
NOTIC: [8] Undefined index: thumb F:\websever\soft\weiju\Application\Admin\Controller\UserController.class.php 第 82 行.
INFO: [ view_parse ] --START--
INFO: [ template_filter ] --START--
INFO: Run Behavior\ContentReplaceBehavior [ RunTime:0.000085s ]
INFO: [ template_filter ] --END-- [ RunTime:0.000181s ]
INFO: Run Behavior\ParseTemplateBehavior [ RunTime:0.071160s ]
INFO: [ view_parse ] --END-- [ RunTime:0.071312s ]
INFO: [ view_filter ] --START--
INFO: Run Behavior\WriteHtmlCacheBehavior [ RunTime:0.014430s ]
INFO: [ view_filter ] --END-- [ RunTime:0.014521s ]

[ 2016-12-06T08:42:36+08:00 ] 127.0.0.1 /weiju/index.php/Admin/user/edit/uid/2
INFO: [ app_init ] --START--
INFO: Run Behavior\BuildLiteBehavior [ RunTime:0.000022s ]
INFO: [ app_init ] --END-- [ RunTime:0.001098s ]
INFO: [ app_begin ] --START--
INFO: Run Behavior\ReadHtmlCacheBehavior [ RunTime:0.003429s ]
INFO: [ app_begin ] --END-- [ RunTime:0.003561s ]
SQL: SHOW COLUMNS FROM `user` [ RunTime:0.0276s ]
SQL: SELECT * FROM `user` WHERE ( uid=2 ) LIMIT 1   [ RunTime:0.0013s ]
INFO: [ view_parse ] --START--
INFO: [ template_filter ] --START--
INFO: Run Behavior\ContentReplaceBehavior [ RunTime:0.000094s ]
INFO: [ template_filter ] --END-- [ RunTime:0.000185s ]
NOTIC: [8] Undefined index: head_pic F:\websever\soft\weiju\Application\Runtime\Cache\Admin\c5c8f88f4330c605468367c8bb60454a.php 第 112 行.
INFO: Run Behavior\ParseTemplateBehavior [ RunTime:0.068812s ]
INFO: [ view_parse ] --END-- [ RunTime:0.068921s ]
INFO: [ view_filter ] --START--
INFO: Run Behavior\WriteHtmlCacheBehavior [ RunTime:0.002980s ]
INFO: [ view_filter ] --END-- [ RunTime:0.003111s ]
INFO: [ app_end ] --START--
INFO: Run Behavior\ShowPageTraceBehavior [ RunTime:0.051594s ]
INFO: [ app_end ] --END-- [ RunTime:0.051719s ]

[ 2016-12-06T08:42:49+08:00 ] 127.0.0.1 /weiju/index.php/Admin/user/update
INFO: [ app_init ] --START--
INFO: Run Behavior\BuildLiteBehavior [ RunTime:0.000022s ]
INFO: [ app_init ] --END-- [ RunTime:0.001092s ]
INFO: [ app_begin ] --START--
INFO: Run Behavior\ReadHtmlCacheBehavior [ RunTime:0.002102s ]
INFO: [ app_begin ] --END-- [ RunTime:0.002209s ]
NOTIC: [2] call_user_func() expects parameter 1 to be a valid callback, no array or string given F:\websever\soft\weiju\ThinkPHP\Library\Think\Upload.class.php 第 170 行.
SQL: SHOW COLUMNS FROM `user` [ RunTime:0.1411s ]
NOTIC: [8] Undefined index: validate F:\websever\soft\weiju\ThinkPHP\Library\Think\Model.class.php 第 1185 行.
NOTIC: [8] Undefined index: auto F:\websever\soft\weiju\ThinkPHP\Library\Think\Model.class.php 第 1128 行.
NOTIC: [8] Undefined index: thumb F:\websever\soft\weiju\Application\Admin\Controller\UserController.class.php 第 82 行.
NOTIC: [8] Undefined index: thumb F:\websever\soft\weiju\Application\Admin\Controller\UserController.class.php 第 82 行.
INFO: [ view_parse ] --START--
INFO: [ template_filter ] --START--
INFO: Run Behavior\ContentReplaceBehavior [ RunTime:0.000086s ]
INFO: [ template_filter ] --END-- [ RunTime:0.000205s ]
INFO: Run Behavior\ParseTemplateBehavior [ RunTime:0.028355s ]
INFO: [ view_parse ] --END-- [ RunTime:0.028528s ]
INFO: [ view_filter ] --START--
INFO: Run Behavior\WriteHtmlCacheBehavior [ RunTime:0.002417s ]
INFO: [ view_filter ] --END-- [ RunTime:0.002521s ]

[ 2016-12-06T08:43:52+08:00 ] 127.0.0.1 /weiju/index.php/Admin/user/update
INFO: [ app_init ] --START--
INFO: Run Behavior\BuildLiteBehavior [ RunTime:0.000021s ]
INFO: [ app_init ] --END-- [ RunTime:0.001079s ]
INFO: [ app_begin ] --START--
INFO: Run Behavior\ReadHtmlCacheBehavior [ RunTime:0.002359s ]
INFO: [ app_begin ] --END-- [ RunTime:0.002488s ]
NOTIC: [2] call_user_func() expects parameter 1 to be a valid callback, no array or string given F:\websever\soft\weiju\ThinkPHP\Library\Think\Upload.class.php 第 170 行.
SQL: SHOW COLUMNS FROM `user` [ RunTime:0.0666s ]
NOTIC: [8] Undefined index: validate F:\websever\soft\weiju\ThinkPHP\Library\Think\Model.class.php 第 1185 行.
NOTIC: [8] Undefined index: auto F:\websever\soft\weiju\ThinkPHP\Library\Think\Model.class.php 第 1128 行.
NOTIC: [8] Undefined index: thumb F:\websever\soft\weiju\Application\Admin\Controller\UserController.class.php 第 82 行.
NOTIC: [8] Undefined index: thumb F:\websever\soft\weiju\Application\Admin\Controller\UserController.class.php 第 82 行.
INFO: [ view_parse ] --START--
INFO: [ template_filter ] --START--
INFO: Run Behavior\ContentReplaceBehavior [ RunTime:0.000065s ]
INFO: [ template_filter ] --END-- [ RunTime:0.000153s ]
INFO: Run Behavior\ParseTemplateBehavior [ RunTime:0.022663s ]
INFO: [ view_parse ] --END-- [ RunTime:0.022782s ]
INFO: [ view_filter ] --START--
INFO: Run Behavior\WriteHtmlCacheBehavior [ RunTime:0.001928s ]
INFO: [ view_filter ] --END-- [ RunTime:0.002005s ]

[ 2016-12-06T08:45:02+08:00 ] 127.0.0.1 /weiju/index.php/Admin/user/update
INFO: [ app_init ] --START--
INFO: Run Behavior\BuildLiteBehavior [ RunTime:0.000022s ]
INFO: [ app_init ] --END-- [ RunTime:0.001060s ]
INFO: [ app_begin ] --START--
INFO: Run Behavior\ReadHtmlCacheBehavior [ RunTime:0.003937s ]
INFO: [ app_begin ] --END-- [ RunTime:0.004048s ]
SQL: SHOW COLUMNS FROM `user` [ RunTime:0.0338s ]
NOTIC: [8] Undefined index: validate F:\websever\soft\weiju\ThinkPHP\Library\Think\Model.class.php 第 1185 行.
NOTIC: [8] Undefined index: auto F:\websever\soft\weiju\ThinkPHP\Library\Think\Model.class.php 第 1128 行.
INFO: [ view_parse ] --START--
INFO: [ template_filter ] --START--
INFO: Run Behavior\ContentReplaceBehavior [ RunTime:0.000077s ]
INFO: [ template_filter ] --END-- [ RunTime:0.000185s ]
INFO: Run Behavior\ParseTemplateBehavior [ RunTime:0.025868s ]
INFO: [ view_parse ] --END-- [ RunTime:0.026026s ]
INFO: [ view_filter ] --START--
INFO: Run Behavior\WriteHtmlCacheBehavior [ RunTime:0.003071s ]
INFO: [ view_filter ] --END-- [ RunTime:0.003204s ]

[ 2016-12-06T08:45:58+08:00 ] 127.0.0.1 /weiju/index.php/Admin/user/edit/uid/2
INFO: [ app_init ] --START--
INFO: Run Behavior\BuildLiteBehavior [ RunTime:0.000022s ]
INFO: [ app_init ] --END-- [ RunTime:0.001129s ]
INFO: [ app_begin ] --START--
INFO: Run Behavior\ReadHtmlCacheBehavior [ RunTime:0.001882s ]
INFO: [ app_begin ] --END-- [ RunTime:0.001987s ]
SQL: SHOW COLUMNS FROM `user` [ RunTime:0.0308s ]
SQL: SELECT * FROM `user` WHERE ( uid=2 ) LIMIT 1   [ RunTime:0.0009s ]
INFO: [ view_parse ] --START--
INFO: [ template_filter ] --START--
INFO: Run Behavior\ContentReplaceBehavior [ RunTime:0.000095s ]
INFO: [ template_filter ] --END-- [ RunTime:0.000183s ]
NOTIC: [8] Undefined index: head_pic F:\websever\soft\weiju\Application\Runtime\Cache\Admin\c5c8f88f4330c605468367c8bb60454a.php 第 112 行.
INFO: Run Behavior\ParseTemplateBehavior [ RunTime:0.019449s ]
INFO: [ view_parse ] --END-- [ RunTime:0.019541s ]
INFO: [ view_filter ] --START--
INFO: Run Behavior\WriteHtmlCacheBehavior [ RunTime:0.001190s ]
INFO: [ view_filter ] --END-- [ RunTime:0.001266s ]
INFO: [ app_end ] --START--
INFO: Run Behavior\ShowPageTraceBehavior [ RunTime:0.001692s ]
INFO: [ app_end ] --END-- [ RunTime:0.001772s ]

[ 2016-12-06T08:46:10+08:00 ] 127.0.0.1 /weiju/index.php/Admin/user/update
INFO: [ app_init ] --START--
INFO: Run Behavior\BuildLiteBehavior [ RunTime:0.000021s ]
INFO: [ app_init ] --END-- [ RunTime:0.001038s ]
INFO: [ app_begin ] --START--
INFO: Run Behavior\ReadHtmlCacheBehavior [ RunTime:0.001814s ]
INFO: [ app_begin ] --END-- [ RunTime:0.001914s ]
SQL: SHOW COLUMNS FROM `user` [ RunTime:0.0297s ]
NOTIC: [8] Undefined index: validate F:\websever\soft\weiju\ThinkPHP\Library\Think\Model.class.php 第 1185 行.
NOTIC: [8] Undefined index: auto F:\websever\soft\weiju\ThinkPHP\Library\Think\Model.class.php 第 1128 行.
INFO: [ view_parse ] --START--
INFO: [ template_filter ] --START--
INFO: Run Behavior\ContentReplaceBehavior [ RunTime:0.000064s ]
INFO: [ template_filter ] --END-- [ RunTime:0.000154s ]
INFO: Run Behavior\ParseTemplateBehavior [ RunTime:0.031930s ]
INFO: [ view_parse ] --END-- [ RunTime:0.032056s ]
INFO: [ view_filter ] --START--
INFO: Run Behavior\WriteHtmlCacheBehavior [ RunTime:0.001235s ]
INFO: [ view_filter ] --END-- [ RunTime:0.001316s ]

[ 2016-12-06T10:53:30+08:00 ] 127.0.0.1 /weiju/index.php/admin
INFO: [ app_init ] --START--
INFO: Run Behavior\BuildLiteBehavior [ RunTime:0.000049s ]
INFO: [ app_init ] --END-- [ RunTime:0.002483s ]
INFO: [ app_begin ] --START--
INFO: Run Behavior\ReadHtmlCacheBehavior [ RunTime:0.004117s ]
INFO: [ app_begin ] --END-- [ RunTime:0.004334s ]
INFO: [ view_parse ] --START--
INFO: [ template_filter ] --START--
INFO: Run Behavior\ContentReplaceBehavior [ RunTime:0.000339s ]
INFO: [ template_filter ] --END-- [ RunTime:0.000670s ]
INFO: Run Behavior\ParseTemplateBehavior [ RunTime:1.325880s ]
INFO: [ view_parse ] --END-- [ RunTime:1.326160s ]
INFO: [ view_filter ] --START--
INFO: Run Behavior\WriteHtmlCacheBehavior [ RunTime:0.004197s ]
INFO: [ view_filter ] --END-- [ RunTime:0.004500s ]
INFO: [ app_end ] --START--
INFO: Run Behavior\ShowPageTraceBehavior [ RunTime:0.004438s ]
INFO: [ app_end ] --END-- [ RunTime:0.004765s ]

[ 2016-12-06T10:53:48+08:00 ] 127.0.0.1 /weiju/index.php/admin/login
INFO: [ app_init ] --START--
INFO: Run Behavior\BuildLiteBehavior [ RunTime:0.000073s ]
INFO: [ app_init ] --END-- [ RunTime:0.002602s ]
INFO: [ app_begin ] --START--
INFO: Run Behavior\ReadHtmlCacheBehavior [ RunTime:0.005450s ]
INFO: [ app_begin ] --END-- [ RunTime:0.005901s ]
INFO: [ view_parse ] --START--
INFO: [ template_filter ] --START--
INFO: Run Behavior\ContentReplaceBehavior [ RunTime:0.000241s ]
INFO: [ template_filter ] --END-- [ RunTime:0.000557s ]
INFO: Run Behavior\ParseTemplateBehavior [ RunTime:0.075487s ]
INFO: [ view_parse ] --END-- [ RunTime:0.075929s ]
INFO: [ view_filter ] --START--
INFO: Run Behavior\WriteHtmlCacheBehavior [ RunTime:0.003397s ]
INFO: [ view_filter ] --END-- [ RunTime:0.003683s ]
INFO: [ app_end ] --START--
INFO: Run Behavior\ShowPageTraceBehavior [ RunTime:0.004819s ]
INFO: [ app_end ] --END-- [ RunTime:0.005109s ]

[ 2016-12-06T10:55:33+08:00 ] 127.0.0.1 /weiju/index.php/admin/login
INFO: [ app_init ] --START--
INFO: Run Behavior\BuildLiteBehavior [ RunTime:0.000071s ]
INFO: [ app_init ] --END-- [ RunTime:0.002905s ]
INFO: [ app_begin ] --START--
INFO: Run Behavior\ReadHtmlCacheBehavior [ RunTime:0.009647s ]
INFO: [ app_begin ] --END-- [ RunTime:0.009996s ]
INFO: [ view_parse ] --START--
INFO: [ template_filter ] --START--
INFO: Run Behavior\ContentReplaceBehavior [ RunTime:0.000244s ]
INFO: [ template_filter ] --END-- [ RunTime:0.000559s ]
INFO: Run Behavior\ParseTemplateBehavior [ RunTime:0.075954s ]
INFO: [ view_parse ] --END-- [ RunTime:0.076295s ]
INFO: [ view_filter ] --START--
INFO: Run Behavior\WriteHtmlCacheBehavior [ RunTime:0.008042s ]
INFO: [ view_filter ] --END-- [ RunTime:0.008313s ]
INFO: [ app_end ] --START--
INFO: Run Behavior\ShowPageTraceBehavior [ RunTime:0.003938s ]
INFO: [ app_end ] --END-- [ RunTime:0.004239s ]

[ 2016-12-06T10:55:35+08:00 ] 127.0.0.1 /weiju/index.php/admin/login
INFO: [ app_init ] --START--
INFO: Run Behavior\BuildLiteBehavior [ RunTime:0.000072s ]
INFO: [ app_init ] --END-- [ RunTime:0.009906s ]
INFO: [ app_begin ] --START--
INFO: Run Behavior\ReadHtmlCacheBehavior [ RunTime:0.006121s ]
INFO: [ app_begin ] --END-- [ RunTime:0.006495s ]
INFO: [ view_parse ] --START--
INFO: [ template_filter ] --START--
INFO: Run Behavior\ContentReplaceBehavior [ RunTime:0.000234s ]
INFO: [ template_filter ] --END-- [ RunTime:0.000599s ]
INFO: Run Behavior\ParseTemplateBehavior [ RunTime:0.054707s ]
INFO: [ view_parse ] --END-- [ RunTime:0.055052s ]
INFO: [ view_filter ] --START--
INFO: Run Behavior\WriteHtmlCacheBehavior [ RunTime:0.002444s ]
INFO: [ view_filter ] --END-- [ RunTime:0.002708s ]
INFO: [ app_end ] --START--
INFO: Run Behavior\ShowPageTraceBehavior [ RunTime:0.005589s ]
INFO: [ app_end ] --END-- [ RunTime:0.005885s ]

[ 2016-12-06T10:57:31+08:00 ] 127.0.0.1 /weiju/index.php/admin/login
INFO: [ app_init ] --START--
INFO: Run Behavior\BuildLiteBehavior [ RunTime:0.000061s ]
INFO: [ app_init ] --END-- [ RunTime:0.005595s ]
INFO: [ app_begin ] --START--
INFO: Run Behavior\ReadHtmlCacheBehavior [ RunTime:0.002057s ]
INFO: [ app_begin ] --END-- [ RunTime:0.002225s ]
INFO: [ view_parse ] --START--
INFO: [ template_filter ] --START--
INFO: Run Behavior\ContentReplaceBehavior [ RunTime:0.000175s ]
INFO: [ template_filter ] --END-- [ RunTime:0.000412s ]
INFO: Run Behavior\ParseTemplateBehavior [ RunTime:0.063047s ]
INFO: [ view_parse ] --END-- [ RunTime:0.063246s ]
INFO: [ view_filter ] --START--
INFO: Run Behavior\WriteHtmlCacheBehavior [ RunTime:0.002846s ]
INFO: [ view_filter ] --END-- [ RunTime:0.003577s ]
INFO: [ app_end ] --START--
INFO: Run Behavior\ShowPageTraceBehavior [ RunTime:0.002752s ]
INFO: [ app_end ] --END-- [ RunTime:0.002944s ]

[ 2016-12-06T10:59:01+08:00 ] 127.0.0.1 /weiju/index.php/admin/login
INFO: [ app_init ] --START--
INFO: Run Behavior\BuildLiteBehavior [ RunTime:0.000025s ]
INFO: [ app_init ] --END-- [ RunTime:0.001159s ]
INFO: [ app_begin ] --START--
INFO: Run Behavior\ReadHtmlCacheBehavior [ RunTime:0.001521s ]
INFO: [ app_begin ] --END-- [ RunTime:0.001808s ]
INFO: [ view_parse ] --START--
INFO: [ template_filter ] --START--
INFO: Run Behavior\ContentReplaceBehavior [ RunTime:0.000088s ]
INFO: [ template_filter ] --END-- [ RunTime:0.000218s ]
INFO: Run Behavior\ParseTemplateBehavior [ RunTime:0.015685s ]
INFO: [ view_parse ] --END-- [ RunTime:0.015815s ]
INFO: [ view_filter ] --START--
INFO: Run Behavior\WriteHtmlCacheBehavior [ RunTime:0.000990s ]
INFO: [ view_filter ] --END-- [ RunTime:0.001089s ]
INFO: [ app_end ] --START--
INFO: Run Behavior\ShowPageTraceBehavior [ RunTime:0.001981s ]
INFO: [ app_end ] --END-- [ RunTime:0.002113s ]

[ 2016-12-06T11:01:03+08:00 ] 127.0.0.1 /weiju/index.php/admin/login
INFO: [ app_init ] --START--
INFO: Run Behavior\BuildLiteBehavior [ RunTime:0.000058s ]
INFO: [ app_init ] --END-- [ RunTime:0.002196s ]
INFO: [ app_begin ] --START--
INFO: Run Behavior\ReadHtmlCacheBehavior [ RunTime:0.003822s ]
INFO: [ app_begin ] --END-- [ RunTime:0.004094s ]
INFO: [ view_parse ] --START--
INFO: [ template_filter ] --START--
INFO: Run Behavior\ContentReplaceBehavior [ RunTime:0.000157s ]
INFO: [ template_filter ] --END-- [ RunTime:0.000357s ]
INFO: Run Behavior\ParseTemplateBehavior [ RunTime:0.029630s ]
INFO: [ view_parse ] --END-- [ RunTime:0.029920s ]
INFO: [ view_filter ] --START--
INFO: Run Behavior\WriteHtmlCacheBehavior [ RunTime:0.003533s ]
INFO: [ view_filter ] --END-- [ RunTime:0.003761s ]
INFO: [ app_end ] --START--
INFO: Run Behavior\ShowPageTraceBehavior [ RunTime:0.002800s ]
INFO: [ app_end ] --END-- [ RunTime:0.003025s ]

[ 2016-12-06T11:01:05+08:00 ] 127.0.0.1 /weiju/index.php/admin/login
INFO: [ app_init ] --START--
INFO: Run Behavior\BuildLiteBehavior [ RunTime:0.000046s ]
INFO: [ app_init ] --END-- [ RunTime:0.001764s ]
INFO: [ app_begin ] --START--
INFO: Run Behavior\ReadHtmlCacheBehavior [ RunTime:0.004754s ]
INFO: [ app_begin ] --END-- [ RunTime:0.005084s ]
INFO: [ view_parse ] --START--
INFO: [ template_filter ] --START--
INFO: Run Behavior\ContentReplaceBehavior [ RunTime:0.000161s ]
INFO: [ template_filter ] --END-- [ RunTime:0.000389s ]
INFO: Run Behavior\ParseTemplateBehavior [ RunTime:0.032358s ]
INFO: [ view_parse ] --END-- [ RunTime:0.032629s ]
INFO: [ view_filter ] --START--
INFO: Run Behavior\WriteHtmlCacheBehavior [ RunTime:0.001921s ]
INFO: [ view_filter ] --END-- [ RunTime:0.002188s ]
INFO: [ app_end ] --START--
INFO: Run Behavior\ShowPageTraceBehavior [ RunTime:0.002653s ]
INFO: [ app_end ] --END-- [ RunTime:0.002907s ]

[ 2016-12-06T11:01:05+08:00 ] 127.0.0.1 /weiju/index.php/admin/login
INFO: [ app_init ] --START--
INFO: Run Behavior\BuildLiteBehavior [ RunTime:0.000067s ]
INFO: [ app_init ] --END-- [ RunTime:0.002423s ]
INFO: [ app_begin ] --START--
INFO: Run Behavior\ReadHtmlCacheBehavior [ RunTime:0.003669s ]
INFO: [ app_begin ] --END-- [ RunTime:0.003943s ]
INFO: [ view_parse ] --START--
INFO: [ template_filter ] --START--
INFO: Run Behavior\ContentReplaceBehavior [ RunTime:0.000151s ]
INFO: [ template_filter ] --END-- [ RunTime:0.000357s ]
INFO: Run Behavior\ParseTemplateBehavior [ RunTime:0.033303s ]
INFO: [ view_parse ] --END-- [ RunTime:0.033521s ]
INFO: [ view_filter ] --START--
INFO: Run Behavior\WriteHtmlCacheBehavior [ RunTime:0.001842s ]
INFO: [ view_filter ] --END-- [ RunTime:0.002067s ]
INFO: [ app_end ] --START--
INFO: Run Behavior\ShowPageTraceBehavior [ RunTime:0.004083s ]
INFO: [ app_end ] --END-- [ RunTime:0.004409s ]

[ 2016-12-06T11:01:32+08:00 ] 127.0.0.1 /weiju/index.php/admin/login
INFO: [ app_init ] --START--
INFO: Run Behavior\BuildLiteBehavior [ RunTime:0.000195s ]
INFO: [ app_init ] --END-- [ RunTime:0.002556s ]
INFO: [ app_begin ] --START--
INFO: Run Behavior\ReadHtmlCacheBehavior [ RunTime:0.004380s ]
INFO: [ app_begin ] --END-- [ RunTime:0.004670s ]
INFO: [ view_parse ] --START--
INFO: [ template_filter ] --START--
INFO: Run Behavior\ContentReplaceBehavior [ RunTime:0.000228s ]
INFO: [ template_filter ] --END-- [ RunTime:0.000525s ]
INFO: Run Behavior\ParseTemplateBehavior [ RunTime:0.060340s ]
INFO: [ view_parse ] --END-- [ RunTime:0.060667s ]
INFO: [ view_filter ] --START--
INFO: Run Behavior\WriteHtmlCacheBehavior [ RunTime:0.002125s ]
INFO: [ view_filter ] --END-- [ RunTime:0.002393s ]
INFO: [ app_end ] --START--
INFO: Run Behavior\ShowPageTraceBehavior [ RunTime:0.003665s ]
INFO: [ app_end ] --END-- [ RunTime:0.003927s ]

[ 2016-12-06T11:01:48+08:00 ] 127.0.0.1 /weiju/index.php/admin/login
INFO: [ app_init ] --START--
INFO: Run Behavior\BuildLiteBehavior [ RunTime:0.000043s ]
INFO: [ app_init ] --END-- [ RunTime:0.001801s ]
INFO: [ app_begin ] --START--
INFO: Run Behavior\ReadHtmlCacheBehavior [ RunTime:0.002826s ]
INFO: [ app_begin ] --END-- [ RunTime:0.003055s ]
INFO: [ view_parse ] --START--
INFO: [ template_filter ] --START--
INFO: Run Behavior\ContentReplaceBehavior [ RunTime:0.000179s ]
INFO: [ template_filter ] --END-- [ RunTime:0.000384s ]
INFO: Run Behavior\ParseTemplateBehavior [ RunTime:0.027912s ]
INFO: [ view_parse ] --END-- [ RunTime:0.028146s ]
INFO: [ view_filter ] --START--
INFO: Run Behavior\WriteHtmlCacheBehavior [ RunTime:0.003245s ]
INFO: [ view_filter ] --END-- [ RunTime:0.003442s ]
INFO: [ app_end ] --START--
INFO: Run Behavior\ShowPageTraceBehavior [ RunTime:0.003068s ]
INFO: [ app_end ] --END-- [ RunTime:0.003295s ]

[ 2016-12-06T11:02:02+08:00 ] 127.0.0.1 /weiju/index.php/admin/login
INFO: [ app_init ] --START--
INFO: Run Behavior\BuildLiteBehavior [ RunTime:0.000085s ]
INFO: [ app_init ] --END-- [ RunTime:0.007207s ]
INFO: [ app_begin ] --START--
INFO: Run Behavior\ReadHtmlCacheBehavior [ RunTime:0.009521s ]
INFO: [ app_begin ] --END-- [ RunTime:0.009866s ]
INFO: [ view_parse ] --START--
INFO: [ template_filter ] --START--
INFO: Run Behavior\ContentReplaceBehavior [ RunTime:0.000229s ]
INFO: [ template_filter ] --END-- [ RunTime:0.000565s ]
INFO: Run Behavior\ParseTemplateBehavior [ RunTime:0.089869s ]
INFO: [ view_parse ] --END-- [ RunTime:0.090201s ]
INFO: [ view_filter ] --START--
INFO: Run Behavior\WriteHtmlCacheBehavior [ RunTime:0.003848s ]
INFO: [ view_filter ] --END-- [ RunTime:0.004145s ]
INFO: [ app_end ] --START--
INFO: Run Behavior\ShowPageTraceBehavior [ RunTime:0.008354s ]
INFO: [ app_end ] --END-- [ RunTime:0.008656s ]

[ 2016-12-06T11:02:41+08:00 ] 127.0.0.1 /weiju/index.php/admin/login
INFO: [ app_init ] --START--
INFO: Run Behavior\BuildLiteBehavior [ RunTime:0.000140s ]
INFO: [ app_init ] --END-- [ RunTime:0.003221s ]
INFO: [ app_begin ] --START--
INFO: Run Behavior\ReadHtmlCacheBehavior [ RunTime:0.002856s ]
INFO: [ app_begin ] --END-- [ RunTime:0.003076s ]
INFO: [ view_parse ] --START--
INFO: [ template_filter ] --START--
INFO: Run Behavior\ContentReplaceBehavior [ RunTime:0.000233s ]
INFO: [ template_filter ] --END-- [ RunTime:0.000908s ]
INFO: Run Behavior\ParseTemplateBehavior [ RunTime:0.039412s ]
INFO: [ view_parse ] --END-- [ RunTime:0.039689s ]
INFO: [ view_filter ] --START--
INFO: Run Behavior\WriteHtmlCacheBehavior [ RunTime:0.002545s ]
INFO: [ view_filter ] --END-- [ RunTime:0.002820s ]
INFO: [ app_end ] --START--
INFO: Run Behavior\ShowPageTraceBehavior [ RunTime:0.004500s ]
INFO: [ app_end ] --END-- [ RunTime:0.004775s ]

[ 2016-12-06T11:18:02+08:00 ] 127.0.0.1 /weiju/index.php/admin/login
INFO: [ app_init ] --START--
INFO: Run Behavior\BuildLiteBehavior [ RunTime:0.000053s ]
INFO: [ app_init ] --END-- [ RunTime:0.002875s ]
INFO: [ app_begin ] --START--
INFO: Run Behavior\ReadHtmlCacheBehavior [ RunTime:0.002902s ]
INFO: [ app_begin ] --END-- [ RunTime:0.003149s ]
INFO: [ view_parse ] --START--
INFO: [ template_filter ] --START--
INFO: Run Behavior\ContentReplaceBehavior [ RunTime:0.000197s ]
INFO: [ template_filter ] --END-- [ RunTime:0.000554s ]
INFO: Run Behavior\ParseTemplateBehavior [ RunTime:0.033785s ]
INFO: [ view_parse ] --END-- [ RunTime:0.034039s ]
INFO: [ view_filter ] --START--
INFO: Run Behavior\WriteHtmlCacheBehavior [ RunTime:0.001941s ]
INFO: [ view_filter ] --END-- [ RunTime:0.002154s ]
INFO: [ app_end ] --START--
INFO: Run Behavior\ShowPageTraceBehavior [ RunTime:0.003541s ]
INFO: [ app_end ] --END-- [ RunTime:0.003763s ]

[ 2016-12-06T11:19:41+08:00 ] 127.0.0.1 /weiju/index.php/admin/login
INFO: [ app_init ] --START--
INFO: Run Behavior\BuildLiteBehavior [ RunTime:0.000073s ]
INFO: [ app_init ] --END-- [ RunTime:0.005185s ]
INFO: [ app_begin ] --START--
INFO: Run Behavior\ReadHtmlCacheBehavior [ RunTime:0.004302s ]
INFO: [ app_begin ] --END-- [ RunTime:0.004661s ]
INFO: [ view_parse ] --START--
INFO: [ template_filter ] --START--
INFO: Run Behavior\ContentReplaceBehavior [ RunTime:0.000246s ]
INFO: [ template_filter ] --END-- [ RunTime:0.000518s ]
INFO: Run Behavior\ParseTemplateBehavior [ RunTime:0.068265s ]
INFO: [ view_parse ] --END-- [ RunTime:0.068578s ]
INFO: [ view_filter ] --START--
INFO: Run Behavior\WriteHtmlCacheBehavior [ RunTime:0.002137s ]
INFO: [ view_filter ] --END-- [ RunTime:0.002403s ]
INFO: [ app_end ] --START--
INFO: Run Behavior\ShowPageTraceBehavior [ RunTime:0.005617s ]
INFO: [ app_end ] --END-- [ RunTime:0.006066s ]

[ 2016-12-06T14:19:12+08:00 ] 127.0.0.1 /weiju/index.php/admin/login
INFO: [ app_init ] --START--
INFO: Run Behavior\BuildLiteBehavior [ RunTime:0.000048s ]
INFO: [ app_init ] --END-- [ RunTime:0.003388s ]
INFO: [ app_begin ] --START--
INFO: Run Behavior\ReadHtmlCacheBehavior [ RunTime:0.003253s ]
INFO: [ app_begin ] --END-- [ RunTime:0.003471s ]
INFO: [ view_parse ] --START--
INFO: [ template_filter ] --START--
INFO: Run Behavior\ContentReplaceBehavior [ RunTime:0.000168s ]
INFO: [ template_filter ] --END-- [ RunTime:0.000381s ]
INFO: Run Behavior\ParseTemplateBehavior [ RunTime:0.051101s ]
INFO: [ view_parse ] --END-- [ RunTime:0.051504s ]
INFO: [ view_filter ] --START--
INFO: Run Behavior\WriteHtmlCacheBehavior [ RunTime:0.002709s ]
INFO: [ view_filter ] --END-- [ RunTime:0.002895s ]
INFO: [ app_end ] --START--
INFO: Run Behavior\ShowPageTraceBehavior [ RunTime:0.004507s ]
INFO: [ app_end ] --END-- [ RunTime:0.004729s ]

[ 2016-12-06T14:19:27+08:00 ] 127.0.0.1 /weiju/index.php/admin/login
INFO: [ app_init ] --START--
INFO: Run Behavior\BuildLiteBehavior [ RunTime:0.000056s ]
INFO: [ app_init ] --END-- [ RunTime:0.002018s ]
INFO: [ app_begin ] --START--
INFO: Run Behavior\ReadHtmlCacheBehavior [ RunTime:0.003342s ]
INFO: [ app_begin ] --END-- [ RunTime:0.003571s ]
INFO: [ view_parse ] --START--
INFO: [ template_filter ] --START--
INFO: Run Behavior\ContentReplaceBehavior [ RunTime:0.000155s ]
INFO: [ template_filter ] --END-- [ RunTime:0.000357s ]
INFO: Run Behavior\ParseTemplateBehavior [ RunTime:0.051248s ]
INFO: [ view_parse ] --END-- [ RunTime:0.051488s ]
INFO: [ view_filter ] --START--
INFO: Run Behavior\WriteHtmlCacheBehavior [ RunTime:0.001748s ]
INFO: [ view_filter ] --END-- [ RunTime:0.001920s ]
INFO: [ app_end ] --START--
INFO: Run Behavior\ShowPageTraceBehavior [ RunTime:0.002635s ]
INFO: [ app_end ] --END-- [ RunTime:0.002818s ]

[ 2016-12-06T14:20:08+08:00 ] 127.0.0.1 /weiju/index.php/admin/login
INFO: [ app_init ] --START--
INFO: Run Behavior\BuildLiteBehavior [ RunTime:0.000113s ]
INFO: [ app_init ] --END-- [ RunTime:0.002090s ]
INFO: [ app_begin ] --START--
INFO: Run Behavior\ReadHtmlCacheBehavior [ RunTime:0.002650s ]
INFO: [ app_begin ] --END-- [ RunTime:0.002970s ]
INFO: [ view_parse ] --START--
INFO: [ template_filter ] --START--
INFO: Run Behavior\ContentReplaceBehavior [ RunTime:0.000231s ]
INFO: [ template_filter ] --END-- [ RunTime:0.000456s ]
INFO: Run Behavior\ParseTemplateBehavior [ RunTime:0.030828s ]
INFO: [ view_parse ] --END-- [ RunTime:0.031071s ]
INFO: [ view_filter ] --START--
INFO: Run Behavior\WriteHtmlCacheBehavior [ RunTime:0.001397s ]
INFO: [ view_filter ] --END-- [ RunTime:0.001570s ]
INFO: [ app_end ] --START--
INFO: Run Behavior\ShowPageTraceBehavior [ RunTime:0.002245s ]
INFO: [ app_end ] --END-- [ RunTime:0.002429s ]

[ 2016-12-06T14:22:48+08:00 ] 127.0.0.1 /weiju/index.php/admin/login
INFO: [ app_init ] --START--
INFO: Run Behavior\BuildLiteBehavior [ RunTime:0.000065s ]
INFO: [ app_init ] --END-- [ RunTime:0.002538s ]
INFO: [ app_begin ] --START--
INFO: Run Behavior\ReadHtmlCacheBehavior [ RunTime:0.002650s ]
INFO: [ app_begin ] --END-- [ RunTime:0.002870s ]
INFO: [ view_parse ] --START--
INFO: [ template_filter ] --START--
INFO: Run Behavior\ContentReplaceBehavior [ RunTime:0.000196s ]
INFO: [ template_filter ] --END-- [ RunTime:0.000408s ]
INFO: Run Behavior\ParseTemplateBehavior [ RunTime:0.031200s ]
INFO: [ view_parse ] --END-- [ RunTime:0.031467s ]
INFO: [ view_filter ] --START--
INFO: Run Behavior\WriteHtmlCacheBehavior [ RunTime:0.001742s ]
INFO: [ view_filter ] --END-- [ RunTime:0.001919s ]
INFO: [ app_end ] --START--
INFO: Run Behavior\ShowPageTraceBehavior [ RunTime:0.002777s ]
INFO: [ app_end ] --END-- [ RunTime:0.002969s ]

[ 2016-12-06T14:22:57+08:00 ] 127.0.0.1 /weiju/index.php/admin/login
INFO: [ app_init ] --START--
INFO: Run Behavior\BuildLiteBehavior [ RunTime:0.000065s ]
INFO: [ app_init ] --END-- [ RunTime:0.002361s ]
INFO: [ app_begin ] --START--
INFO: Run Behavior\ReadHtmlCacheBehavior [ RunTime:0.002684s ]
INFO: [ app_begin ] --END-- [ RunTime:0.002899s ]
INFO: [ view_parse ] --START--
INFO: [ template_filter ] --START--
INFO: Run Behavior\ContentReplaceBehavior [ RunTime:0.000154s ]
INFO: [ template_filter ] --END-- [ RunTime:0.000367s ]
INFO: Run Behavior\ParseTemplateBehavior [ RunTime:0.055504s ]
INFO: [ view_parse ] --END-- [ RunTime:0.055746s ]
INFO: [ view_filter ] --START--
INFO: Run Behavior\WriteHtmlCacheBehavior [ RunTime:0.001772s ]
INFO: [ view_filter ] --END-- [ RunTime:0.001950s ]
INFO: [ app_end ] --START--
INFO: Run Behavior\ShowPageTraceBehavior [ RunTime:0.002678s ]
INFO: [ app_end ] --END-- [ RunTime:0.002928s ]

[ 2016-12-06T14:23:07+08:00 ] 127.0.0.1 /weiju/index.php/admin/login
INFO: [ app_init ] --START--
INFO: Run Behavior\BuildLiteBehavior [ RunTime:0.000048s ]
INFO: [ app_init ] --END-- [ RunTime:0.003030s ]
INFO: [ app_begin ] --START--
INFO: Run Behavior\ReadHtmlCacheBehavior [ RunTime:0.003713s ]
INFO: [ app_begin ] --END-- [ RunTime:0.004060s ]
INFO: [ view_parse ] --START--
INFO: [ template_filter ] --START--
INFO: Run Behavior\ContentReplaceBehavior [ RunTime:0.000227s ]
INFO: [ template_filter ] --END-- [ RunTime:0.000523s ]
INFO: Run Behavior\ParseTemplateBehavior [ RunTime:0.060582s ]
INFO: [ view_parse ] --END-- [ RunTime:0.060881s ]
INFO: [ view_filter ] --START--
INFO: Run Behavior\WriteHtmlCacheBehavior [ RunTime:0.002976s ]
INFO: [ view_filter ] --END-- [ RunTime:0.003266s ]
INFO: [ app_end ] --START--
INFO: Run Behavior\ShowPageTraceBehavior [ RunTime:0.003723s ]
INFO: [ app_end ] --END-- [ RunTime:0.003999s ]

[ 2016-12-06T14:31:19+08:00 ] 127.0.0.1 /weiju/index.php/admin/login
INFO: [ app_init ] --START--
INFO: Run Behavior\BuildLiteBehavior [ RunTime:0.000046s ]
INFO: [ app_init ] --END-- [ RunTime:0.002320s ]
INFO: [ app_begin ] --START--
INFO: Run Behavior\ReadHtmlCacheBehavior [ RunTime:0.003068s ]
INFO: [ app_begin ] --END-- [ RunTime:0.003294s ]
INFO: [ view_parse ] --START--
INFO: [ template_filter ] --START--
INFO: Run Behavior\ContentReplaceBehavior [ RunTime:0.000154s ]
INFO: [ template_filter ] --END-- [ RunTime:0.000386s ]
INFO: Run Behavior\ParseTemplateBehavior [ RunTime:0.037884s ]
INFO: [ view_parse ] --END-- [ RunTime:0.038193s ]
INFO: [ view_filter ] --START--
INFO: Run Behavior\WriteHtmlCacheBehavior [ RunTime:0.002378s ]
INFO: [ view_filter ] --END-- [ RunTime:0.002602s ]
INFO: [ app_end ] --START--
INFO: Run Behavior\ShowPageTraceBehavior [ RunTime:0.002865s ]
INFO: [ app_end ] --END-- [ RunTime:0.003099s ]

[ 2016-12-06T14:31:22+08:00 ] 127.0.0.1 /weiju/index.php/Admin/index/index
INFO: [ app_init ] --START--
INFO: Run Behavior\BuildLiteBehavior [ RunTime:0.000045s ]
INFO: [ app_init ] --END-- [ RunTime:0.001935s ]
INFO: [ app_begin ] --START--
INFO: Run Behavior\ReadHtmlCacheBehavior [ RunTime:0.003441s ]
INFO: [ app_begin ] --END-- [ RunTime:0.003663s ]
INFO: [ view_parse ] --START--
INFO: [ template_filter ] --START--
INFO: Run Behavior\ContentReplaceBehavior [ RunTime:0.000332s ]
INFO: [ template_filter ] --END-- [ RunTime:0.000640s ]
INFO: Run Behavior\ParseTemplateBehavior [ RunTime:0.100870s ]
INFO: [ view_parse ] --END-- [ RunTime:0.101137s ]
INFO: [ view_filter ] --START--
INFO: Run Behavior\WriteHtmlCacheBehavior [ RunTime:0.002923s ]
INFO: [ view_filter ] --END-- [ RunTime:0.003162s ]
INFO: [ app_end ] --START--
INFO: Run Behavior\ShowPageTraceBehavior [ RunTime:0.003210s ]
INFO: [ app_end ] --END-- [ RunTime:0.003476s ]

[ 2016-12-06T14:34:41+08:00 ] 127.0.0.1 /weiju/index.php/Admin/index/index
INFO: [ app_init ] --START--
INFO: Run Behavior\BuildLiteBehavior [ RunTime:0.000048s ]
INFO: [ app_init ] --END-- [ RunTime:0.002603s ]
INFO: [ app_begin ] --START--
INFO: Run Behavior\ReadHtmlCacheBehavior [ RunTime:0.003650s ]
INFO: [ app_begin ] --END-- [ RunTime:0.003960s ]
INFO: [ view_parse ] --START--
INFO: [ template_filter ] --START--
INFO: Run Behavior\ContentReplaceBehavior [ RunTime:0.000340s ]
INFO: [ template_filter ] --END-- [ RunTime:0.000649s ]
INFO: Run Behavior\ParseTemplateBehavior [ RunTime:0.051475s ]
INFO: [ view_parse ] --END-- [ RunTime:0.052063s ]
INFO: [ view_filter ] --START--
INFO: Run Behavior\WriteHtmlCacheBehavior [ RunTime:0.002493s ]
INFO: [ view_filter ] --END-- [ RunTime:0.002777s ]
INFO: [ app_end ] --START--
INFO: Run Behavior\ShowPageTraceBehavior [ RunTime:0.002773s ]
INFO: [ app_end ] --END-- [ RunTime:0.002950s ]

[ 2016-12-06T14:39:45+08:00 ] 127.0.0.1 /weiju/index.php/Admin/index/index
INFO: [ app_init ] --START--
INFO: Run Behavior\BuildLiteBehavior [ RunTime:0.000046s ]
INFO: [ app_init ] --END-- [ RunTime:0.001915s ]
INFO: [ app_begin ] --START--
INFO: Run Behavior\ReadHtmlCacheBehavior [ RunTime:0.004735s ]
INFO: [ app_begin ] --END-- [ RunTime:0.005336s ]
INFO: [ view_parse ] --START--
INFO: [ template_filter ] --START--
INFO: Run Behavior\ContentReplaceBehavior [ RunTime:0.000355s ]
INFO: [ template_filter ] --END-- [ RunTime:0.000587s ]
INFO: Run Behavior\ParseTemplateBehavior [ RunTime:0.043979s ]
INFO: [ view_parse ] --END-- [ RunTime:0.044330s ]
INFO: [ view_filter ] --START--
INFO: Run Behavior\WriteHtmlCacheBehavior [ RunTime:0.003230s ]
INFO: [ view_filter ] --END-- [ RunTime:0.003475s ]
INFO: [ app_end ] --START--
INFO: Run Behavior\ShowPageTraceBehavior [ RunTime:0.003131s ]
INFO: [ app_end ] --END-- [ RunTime:0.003326s ]

[ 2016-12-06T14:40:51+08:00 ] 127.0.0.1 /weiju/index.php/Admin/index/index
INFO: [ app_init ] --START--
INFO: Run Behavior\BuildLiteBehavior [ RunTime:0.000068s ]
INFO: [ app_init ] --END-- [ RunTime:0.002510s ]
INFO: [ app_begin ] --START--
INFO: Run Behavior\ReadHtmlCacheBehavior [ RunTime:0.002873s ]
INFO: [ app_begin ] --END-- [ RunTime:0.003127s ]
INFO: [ view_parse ] --START--
INFO: [ template_filter ] --START--
INFO: Run Behavior\ContentReplaceBehavior [ RunTime:0.000229s ]
INFO: [ template_filter ] --END-- [ RunTime:0.000435s ]
INFO: Run Behavior\ParseTemplateBehavior [ RunTime:0.048042s ]
INFO: [ view_parse ] --END-- [ RunTime:0.048259s ]
INFO: [ view_filter ] --START--
INFO: Run Behavior\WriteHtmlCacheBehavior [ RunTime:0.001793s ]
INFO: [ view_filter ] --END-- [ RunTime:0.001969s ]
INFO: [ app_end ] --START--
INFO: Run Behavior\ShowPageTraceBehavior [ RunTime:0.003201s ]
INFO: [ app_end ] --END-- [ RunTime:0.003397s ]

