[ 2016-12-05T10:53:32+08:00 ] 127.0.0.1 /weiju/index.php/admin
INFO: [ app_init ] --START--
INFO: Run Behavior\BuildLiteBehavior [ RunTime:0.000039s ]
INFO: [ app_init ] --END-- [ RunTime:0.001078s ]
INFO: [ app_begin ] --START--
INFO: Run Behavior\ReadHtmlCacheBehavior [ RunTime:0.002041s ]
INFO: [ app_begin ] --END-- [ RunTime:0.002248s ]
INFO: [ view_parse ] --START--
INFO: [ template_filter ] --START--
INFO: Run Behavior\ContentReplaceBehavior [ RunTime:0.000311s ]
INFO: [ template_filter ] --END-- [ RunTime:0.000592s ]
INFO: Run Behavior\ParseTemplateBehavior [ RunTime:0.318644s ]
INFO: [ view_parse ] --END-- [ RunTime:0.318882s ]
INFO: [ view_filter ] --START--
INFO: Run Behavior\WriteHtmlCacheBehavior [ RunTime:0.106742s ]
INFO: [ view_filter ] --END-- [ RunTime:0.106928s ]
INFO: [ app_end ] --START--
INFO: Run Behavior\ShowPageTraceBehavior [ RunTime:0.003742s ]
INFO: [ app_end ] --END-- [ RunTime:0.003978s ]

[ 2016-12-05T10:54:00+08:00 ] 127.0.0.1 /weiju/index.php/Admin/user/index
INFO: [ app_init ] --START--
INFO: Run Behavior\BuildLiteBehavior [ RunTime:0.000022s ]
INFO: [ app_init ] --END-- [ RunTime:0.001274s ]
INFO: [ app_begin ] --START--
INFO: Run Behavior\ReadHtmlCacheBehavior [ RunTime:0.002186s ]
INFO: [ app_begin ] --END-- [ RunTime:0.002286s ]
SQL: SHOW COLUMNS FROM `user` [ RunTime:0.1018s ]
SQL: SELECT `uid`,`name`,`password`,`type`,`star`,`thumb` FROM `user`  [ RunTime:0.0030s ]
INFO: [ view_parse ] --START--
INFO: [ template_filter ] --START--
INFO: Run Behavior\ContentReplaceBehavior [ RunTime:0.000502s ]
INFO: [ template_filter ] --END-- [ RunTime:0.001051s ]
NOTIC: [8] Undefined index: comment F:\websever\soft\weiju\Application\Runtime\Cache\Admin\65e605872ed5d34210f5b33beb13f5a3.php 第 141 行.
NOTIC: [8] Undefined index: comment F:\websever\soft\weiju\Application\Runtime\Cache\Admin\65e605872ed5d34210f5b33beb13f5a3.php 第 141 行.
NOTIC: [8] Undefined index: comment F:\websever\soft\weiju\Application\Runtime\Cache\Admin\65e605872ed5d34210f5b33beb13f5a3.php 第 141 行.
NOTIC: [8] Undefined index: comment F:\websever\soft\weiju\Application\Runtime\Cache\Admin\65e605872ed5d34210f5b33beb13f5a3.php 第 141 行.
NOTIC: [8] Undefined index: comment F:\websever\soft\weiju\Application\Runtime\Cache\Admin\65e605872ed5d34210f5b33beb13f5a3.php 第 141 行.
INFO: Run Behavior\ParseTemplateBehavior [ RunTime:0.329341s ]
INFO: [ view_parse ] --END-- [ RunTime:0.329549s ]
INFO: [ view_filter ] --START--
INFO: Run Behavior\WriteHtmlCacheBehavior [ RunTime:0.002735s ]
INFO: [ view_filter ] --END-- [ RunTime:0.002850s ]
INFO: [ app_end ] --START--
INFO: Run Behavior\ShowPageTraceBehavior [ RunTime:0.006057s ]
INFO: [ app_end ] --END-- [ RunTime:0.006232s ]

[ 2016-12-05T10:54:06+08:00 ] 127.0.0.1 /weiju/index.php/Admin/user/destroy/uid/4
INFO: [ app_init ] --START--
INFO: Run Behavior\BuildLiteBehavior [ RunTime:0.000021s ]
INFO: [ app_init ] --END-- [ RunTime:0.001042s ]
INFO: [ app_begin ] --START--
INFO: Run Behavior\ReadHtmlCacheBehavior [ RunTime:0.001705s ]
INFO: [ app_begin ] --END-- [ RunTime:0.001793s ]
SQL: SHOW COLUMNS FROM `user` [ RunTime:0.1091s ]
SQL: DELETE FROM `user` WHERE `uid` = 4 [ RunTime:0.1690s ]
INFO: [ view_parse ] --START--
INFO: [ template_filter ] --START--
INFO: Run Behavior\ContentReplaceBehavior [ RunTime:0.000081s ]
INFO: [ template_filter ] --END-- [ RunTime:0.000194s ]
INFO: Run Behavior\ParseTemplateBehavior [ RunTime:0.137229s ]
INFO: [ view_parse ] --END-- [ RunTime:0.137403s ]
INFO: [ view_filter ] --START--
INFO: Run Behavior\WriteHtmlCacheBehavior [ RunTime:0.001831s ]
INFO: [ view_filter ] --END-- [ RunTime:0.001928s ]
INFO: [ app_end ] --START--
INFO: Run Behavior\ShowPageTraceBehavior [ RunTime:0.002066s ]
INFO: [ app_end ] --END-- [ RunTime:0.002249s ]

[ 2016-12-05T10:54:09+08:00 ] 127.0.0.1 /weiju/index.php/Admin/user/index
INFO: [ app_init ] --START--
INFO: Run Behavior\BuildLiteBehavior [ RunTime:0.000031s ]
INFO: [ app_init ] --END-- [ RunTime:0.001999s ]
INFO: [ app_begin ] --START--
INFO: Run Behavior\ReadHtmlCacheBehavior [ RunTime:0.002754s ]
INFO: [ app_begin ] --END-- [ RunTime:0.002894s ]
SQL: SHOW COLUMNS FROM `user` [ RunTime:0.0591s ]
SQL: SELECT `uid`,`name`,`password`,`type`,`star`,`thumb` FROM `user`  [ RunTime:0.0013s ]
INFO: [ view_parse ] --START--
INFO: [ template_filter ] --START--
INFO: Run Behavior\ContentReplaceBehavior [ RunTime:0.000100s ]
INFO: [ template_filter ] --END-- [ RunTime:0.000195s ]
NOTIC: [8] Undefined index: comment F:\websever\soft\weiju\Application\Runtime\Cache\Admin\65e605872ed5d34210f5b33beb13f5a3.php 第 141 行.
NOTIC: [8] Undefined index: comment F:\websever\soft\weiju\Application\Runtime\Cache\Admin\65e605872ed5d34210f5b33beb13f5a3.php 第 141 行.
NOTIC: [8] Undefined index: comment F:\websever\soft\weiju\Application\Runtime\Cache\Admin\65e605872ed5d34210f5b33beb13f5a3.php 第 141 行.
NOTIC: [8] Undefined index: comment F:\websever\soft\weiju\Application\Runtime\Cache\Admin\65e605872ed5d34210f5b33beb13f5a3.php 第 141 行.
INFO: Run Behavior\ParseTemplateBehavior [ RunTime:0.026311s ]
INFO: [ view_parse ] --END-- [ RunTime:0.026407s ]
INFO: [ view_filter ] --START--
INFO: Run Behavior\WriteHtmlCacheBehavior [ RunTime:0.001425s ]
INFO: [ view_filter ] --END-- [ RunTime:0.001500s ]
INFO: [ app_end ] --START--
INFO: Run Behavior\ShowPageTraceBehavior [ RunTime:0.001854s ]
INFO: [ app_end ] --END-- [ RunTime:0.001981s ]

[ 2016-12-05T10:54:12+08:00 ] 127.0.0.1 /weiju/index.php/Admin/user/destroy/uid/5
INFO: [ app_init ] --START--
INFO: Run Behavior\BuildLiteBehavior [ RunTime:0.000022s ]
INFO: [ app_init ] --END-- [ RunTime:0.001055s ]
INFO: [ app_begin ] --START--
INFO: Run Behavior\ReadHtmlCacheBehavior [ RunTime:0.001871s ]
INFO: [ app_begin ] --END-- [ RunTime:0.001969s ]
SQL: SHOW COLUMNS FROM `user` [ RunTime:0.0937s ]
SQL: DELETE FROM `user` WHERE `uid` = 5 [ RunTime:0.2066s ]
INFO: [ view_parse ] --START--
INFO: [ template_filter ] --START--
INFO: Run Behavior\ContentReplaceBehavior [ RunTime:0.000208s ]
INFO: [ template_filter ] --END-- [ RunTime:0.000489s ]
INFO: Run Behavior\ParseTemplateBehavior [ RunTime:0.043101s ]
INFO: [ view_parse ] --END-- [ RunTime:0.043481s ]
INFO: [ view_filter ] --START--
INFO: Run Behavior\WriteHtmlCacheBehavior [ RunTime:0.005442s ]
INFO: [ view_filter ] --END-- [ RunTime:0.005664s ]
INFO: [ app_end ] --START--
INFO: Run Behavior\ShowPageTraceBehavior [ RunTime:0.002327s ]
INFO: [ app_end ] --END-- [ RunTime:0.002505s ]

[ 2016-12-05T10:54:14+08:00 ] 127.0.0.1 /weiju/index.php/Admin/user/index
INFO: [ app_init ] --START--
INFO: Run Behavior\BuildLiteBehavior [ RunTime:0.000031s ]
INFO: [ app_init ] --END-- [ RunTime:0.001220s ]
INFO: [ app_begin ] --START--
INFO: Run Behavior\ReadHtmlCacheBehavior [ RunTime:0.005909s ]
INFO: [ app_begin ] --END-- [ RunTime:0.006537s ]
SQL: SHOW COLUMNS FROM `user` [ RunTime:0.0442s ]
SQL: SELECT `uid`,`name`,`password`,`type`,`star`,`thumb` FROM `user`  [ RunTime:0.0026s ]
INFO: [ view_parse ] --START--
INFO: [ template_filter ] --START--
INFO: Run Behavior\ContentReplaceBehavior [ RunTime:0.000103s ]
INFO: [ template_filter ] --END-- [ RunTime:0.000206s ]
NOTIC: [8] Undefined index: comment F:\websever\soft\weiju\Application\Runtime\Cache\Admin\65e605872ed5d34210f5b33beb13f5a3.php 第 141 行.
NOTIC: [8] Undefined index: comment F:\websever\soft\weiju\Application\Runtime\Cache\Admin\65e605872ed5d34210f5b33beb13f5a3.php 第 141 行.
NOTIC: [8] Undefined index: comment F:\websever\soft\weiju\Application\Runtime\Cache\Admin\65e605872ed5d34210f5b33beb13f5a3.php 第 141 行.
INFO: Run Behavior\ParseTemplateBehavior [ RunTime:0.025041s ]
INFO: [ view_parse ] --END-- [ RunTime:0.025153s ]
INFO: [ view_filter ] --START--
INFO: Run Behavior\WriteHtmlCacheBehavior [ RunTime:0.001717s ]
INFO: [ view_filter ] --END-- [ RunTime:0.001879s ]
INFO: [ app_end ] --START--
INFO: Run Behavior\ShowPageTraceBehavior [ RunTime:0.001740s ]
INFO: [ app_end ] --END-- [ RunTime:0.001885s ]

[ 2016-12-05T10:54:18+08:00 ] 127.0.0.1 /weiju/index.php/Admin/user/destroy/uid/6
INFO: [ app_init ] --START--
INFO: Run Behavior\BuildLiteBehavior [ RunTime:0.000037s ]
INFO: [ app_init ] --END-- [ RunTime:0.002043s ]
INFO: [ app_begin ] --START--
INFO: Run Behavior\ReadHtmlCacheBehavior [ RunTime:0.003616s ]
INFO: [ app_begin ] --END-- [ RunTime:0.003773s ]
SQL: SHOW COLUMNS FROM `user` [ RunTime:0.2478s ]
SQL: DELETE FROM `user` WHERE `uid` = 6 [ RunTime:0.2023s ]
INFO: [ view_parse ] --START--
INFO: [ template_filter ] --START--
INFO: Run Behavior\ContentReplaceBehavior [ RunTime:0.000185s ]
INFO: [ template_filter ] --END-- [ RunTime:0.000490s ]
INFO: Run Behavior\ParseTemplateBehavior [ RunTime:0.034792s ]
INFO: [ view_parse ] --END-- [ RunTime:0.034929s ]
INFO: [ view_filter ] --START--
INFO: Run Behavior\WriteHtmlCacheBehavior [ RunTime:0.001753s ]
INFO: [ view_filter ] --END-- [ RunTime:0.001909s ]
INFO: [ app_end ] --START--
INFO: Run Behavior\ShowPageTraceBehavior [ RunTime:0.001405s ]
INFO: [ app_end ] --END-- [ RunTime:0.001535s ]

[ 2016-12-05T10:54:20+08:00 ] 127.0.0.1 /weiju/index.php/Admin/user/index
INFO: [ app_init ] --START--
INFO: Run Behavior\BuildLiteBehavior [ RunTime:0.000021s ]
INFO: [ app_init ] --END-- [ RunTime:0.001017s ]
INFO: [ app_begin ] --START--
INFO: Run Behavior\ReadHtmlCacheBehavior [ RunTime:0.001825s ]
INFO: [ app_begin ] --END-- [ RunTime:0.001923s ]
SQL: SHOW COLUMNS FROM `user` [ RunTime:0.0606s ]
SQL: SELECT `uid`,`name`,`password`,`type`,`star`,`thumb` FROM `user`  [ RunTime:0.0010s ]
INFO: [ view_parse ] --START--
INFO: [ template_filter ] --START--
INFO: Run Behavior\ContentReplaceBehavior [ RunTime:0.000130s ]
INFO: [ template_filter ] --END-- [ RunTime:0.000235s ]
NOTIC: [8] Undefined index: comment F:\websever\soft\weiju\Application\Runtime\Cache\Admin\65e605872ed5d34210f5b33beb13f5a3.php 第 141 行.
NOTIC: [8] Undefined index: comment F:\websever\soft\weiju\Application\Runtime\Cache\Admin\65e605872ed5d34210f5b33beb13f5a3.php 第 141 行.
INFO: Run Behavior\ParseTemplateBehavior [ RunTime:0.028155s ]
INFO: [ view_parse ] --END-- [ RunTime:0.028299s ]
INFO: [ view_filter ] --START--
INFO: Run Behavior\WriteHtmlCacheBehavior [ RunTime:0.001569s ]
INFO: [ view_filter ] --END-- [ RunTime:0.001652s ]
INFO: [ app_end ] --START--
INFO: Run Behavior\ShowPageTraceBehavior [ RunTime:0.001725s ]
INFO: [ app_end ] --END-- [ RunTime:0.001874s ]

[ 2016-12-05T10:54:26+08:00 ] 127.0.0.1 /weiju/index.php/Admin/user/index
INFO: [ app_init ] --START--
INFO: Run Behavior\BuildLiteBehavior [ RunTime:0.000035s ]
INFO: [ app_init ] --END-- [ RunTime:0.001542s ]
INFO: [ app_begin ] --START--
INFO: Run Behavior\ReadHtmlCacheBehavior [ RunTime:0.001737s ]
INFO: [ app_begin ] --END-- [ RunTime:0.001832s ]
SQL: SHOW COLUMNS FROM `user` [ RunTime:0.1183s ]
SQL: SELECT `uid`,`name`,`password`,`type`,`star`,`thumb` FROM `user`  [ RunTime:0.0012s ]
INFO: [ view_parse ] --START--
INFO: [ template_filter ] --START--
INFO: Run Behavior\ContentReplaceBehavior [ RunTime:0.000142s ]
INFO: [ template_filter ] --END-- [ RunTime:0.000275s ]
NOTIC: [8] Undefined index: comment F:\websever\soft\weiju\Application\Runtime\Cache\Admin\65e605872ed5d34210f5b33beb13f5a3.php 第 141 行.
NOTIC: [8] Undefined index: comment F:\websever\soft\weiju\Application\Runtime\Cache\Admin\65e605872ed5d34210f5b33beb13f5a3.php 第 141 行.
INFO: Run Behavior\ParseTemplateBehavior [ RunTime:0.036378s ]
INFO: [ view_parse ] --END-- [ RunTime:0.036510s ]
INFO: [ view_filter ] --START--
INFO: Run Behavior\WriteHtmlCacheBehavior [ RunTime:0.002289s ]
INFO: [ view_filter ] --END-- [ RunTime:0.002401s ]
INFO: [ app_end ] --START--
INFO: Run Behavior\ShowPageTraceBehavior [ RunTime:0.002258s ]
INFO: [ app_end ] --END-- [ RunTime:0.002435s ]

[ 2016-12-05T10:54:27+08:00 ] 127.0.0.1 /weiju/index.php/Admin/user/create
INFO: [ app_init ] --START--
INFO: Run Behavior\BuildLiteBehavior [ RunTime:0.000022s ]
INFO: [ app_init ] --END-- [ RunTime:0.001089s ]
INFO: [ app_begin ] --START--
INFO: Run Behavior\ReadHtmlCacheBehavior [ RunTime:0.001790s ]
INFO: [ app_begin ] --END-- [ RunTime:0.001879s ]
INFO: [ view_parse ] --START--
INFO: [ template_filter ] --START--
INFO: Run Behavior\ContentReplaceBehavior [ RunTime:0.000188s ]
INFO: [ template_filter ] --END-- [ RunTime:0.000375s ]
INFO: Run Behavior\ParseTemplateBehavior [ RunTime:0.174771s ]
INFO: [ view_parse ] --END-- [ RunTime:0.174945s ]
INFO: [ view_filter ] --START--
INFO: Run Behavior\WriteHtmlCacheBehavior [ RunTime:0.002492s ]
INFO: [ view_filter ] --END-- [ RunTime:0.002639s ]
INFO: [ app_end ] --START--
INFO: Run Behavior\ShowPageTraceBehavior [ RunTime:0.001347s ]
INFO: [ app_end ] --END-- [ RunTime:0.001454s ]

[ 2016-12-05T10:54:35+08:00 ] 127.0.0.1 /weiju/index.php/Admin/hotel/index
INFO: [ app_init ] --START--
INFO: Run Behavior\BuildLiteBehavior [ RunTime:0.000031s ]
INFO: [ app_init ] --END-- [ RunTime:0.002407s ]
INFO: [ app_begin ] --START--
INFO: Run Behavior\ReadHtmlCacheBehavior [ RunTime:0.003602s ]
INFO: [ app_begin ] --END-- [ RunTime:0.003756s ]
SQL: SHOW COLUMNS FROM `hotel` [ RunTime:0.0567s ]
SQL: SELECT * FROM `hotel`  [ RunTime:0.0021s ]
INFO: [ view_parse ] --START--
INFO: [ template_filter ] --START--
INFO: Run Behavior\ContentReplaceBehavior [ RunTime:0.000165s ]
INFO: [ template_filter ] --END-- [ RunTime:0.000315s ]
INFO: Run Behavior\ParseTemplateBehavior [ RunTime:0.097783s ]
INFO: [ view_parse ] --END-- [ RunTime:0.097931s ]
INFO: [ view_filter ] --START--
INFO: Run Behavior\WriteHtmlCacheBehavior [ RunTime:0.002260s ]
INFO: [ view_filter ] --END-- [ RunTime:0.002374s ]
INFO: [ app_end ] --START--
INFO: Run Behavior\ShowPageTraceBehavior [ RunTime:0.001496s ]
INFO: [ app_end ] --END-- [ RunTime:0.001611s ]

[ 2016-12-05T10:54:39+08:00 ] 127.0.0.1 /weiju/index.php/Admin/user/index
INFO: [ app_init ] --START--
INFO: Run Behavior\BuildLiteBehavior [ RunTime:0.000022s ]
INFO: [ app_init ] --END-- [ RunTime:0.001031s ]
INFO: [ app_begin ] --START--
INFO: Run Behavior\ReadHtmlCacheBehavior [ RunTime:0.001895s ]
INFO: [ app_begin ] --END-- [ RunTime:0.001985s ]
SQL: SHOW COLUMNS FROM `user` [ RunTime:0.0483s ]
SQL: SELECT `uid`,`name`,`password`,`type`,`star`,`thumb` FROM `user`  [ RunTime:0.0023s ]
INFO: [ view_parse ] --START--
INFO: [ template_filter ] --START--
INFO: Run Behavior\ContentReplaceBehavior [ RunTime:0.000163s ]
INFO: [ template_filter ] --END-- [ RunTime:0.000313s ]
NOTIC: [8] Undefined index: comment F:\websever\soft\weiju\Application\Runtime\Cache\Admin\65e605872ed5d34210f5b33beb13f5a3.php 第 141 行.
NOTIC: [8] Undefined index: comment F:\websever\soft\weiju\Application\Runtime\Cache\Admin\65e605872ed5d34210f5b33beb13f5a3.php 第 141 行.
INFO: Run Behavior\ParseTemplateBehavior [ RunTime:0.032703s ]
INFO: [ view_parse ] --END-- [ RunTime:0.032822s ]
INFO: [ view_filter ] --START--
INFO: Run Behavior\WriteHtmlCacheBehavior [ RunTime:0.001628s ]
INFO: [ view_filter ] --END-- [ RunTime:0.001716s ]
INFO: [ app_end ] --START--
INFO: Run Behavior\ShowPageTraceBehavior [ RunTime:0.002026s ]
INFO: [ app_end ] --END-- [ RunTime:0.002171s ]

[ 2016-12-05T10:54:51+08:00 ] 127.0.0.1 /weiju/index.php/Admin/login
INFO: [ app_init ] --START--
INFO: Run Behavior\BuildLiteBehavior [ RunTime:0.000020s ]
INFO: [ app_init ] --END-- [ RunTime:0.001015s ]
INFO: [ app_begin ] --START--
INFO: Run Behavior\ReadHtmlCacheBehavior [ RunTime:0.001786s ]
INFO: [ app_begin ] --END-- [ RunTime:0.001876s ]
INFO: [ view_parse ] --START--
INFO: [ template_filter ] --START--
INFO: Run Behavior\ContentReplaceBehavior [ RunTime:0.000070s ]
INFO: [ template_filter ] --END-- [ RunTime:0.000165s ]
INFO: Run Behavior\ParseTemplateBehavior [ RunTime:0.151763s ]
INFO: [ view_parse ] --END-- [ RunTime:0.151967s ]
INFO: [ view_filter ] --START--
INFO: Run Behavior\WriteHtmlCacheBehavior [ RunTime:0.003484s ]
INFO: [ view_filter ] --END-- [ RunTime:0.003723s ]
INFO: [ app_end ] --START--
INFO: Run Behavior\ShowPageTraceBehavior [ RunTime:0.002321s ]
INFO: [ app_end ] --END-- [ RunTime:0.002501s ]

[ 2016-12-05T10:54:52+08:00 ] 127.0.0.1 /weiju/index.php/Admin/images/%E7%99%BB%E5%BD%95_u17.png
INFO: [ app_init ] --START--
INFO: Run Behavior\BuildLiteBehavior [ RunTime:0.000027s ]
INFO: [ app_init ] --END-- [ RunTime:0.001639s ]

[ 2016-12-05T10:55:11+08:00 ] 127.0.0.1 /weiju/index.php/Admin
INFO: [ app_init ] --START--
INFO: Run Behavior\BuildLiteBehavior [ RunTime:0.000026s ]
INFO: [ app_init ] --END-- [ RunTime:0.001179s ]
INFO: [ app_begin ] --START--
INFO: Run Behavior\ReadHtmlCacheBehavior [ RunTime:0.001091s ]
INFO: [ app_begin ] --END-- [ RunTime:0.001186s ]
INFO: [ view_parse ] --START--
INFO: [ template_filter ] --START--
INFO: Run Behavior\ContentReplaceBehavior [ RunTime:0.000092s ]
INFO: [ template_filter ] --END-- [ RunTime:0.000193s ]
INFO: Run Behavior\ParseTemplateBehavior [ RunTime:0.014419s ]
INFO: [ view_parse ] --END-- [ RunTime:0.014513s ]
INFO: [ view_filter ] --START--
INFO: Run Behavior\WriteHtmlCacheBehavior [ RunTime:0.000581s ]
INFO: [ view_filter ] --END-- [ RunTime:0.000653s ]
INFO: [ app_end ] --START--
INFO: Run Behavior\ShowPageTraceBehavior [ RunTime:0.000938s ]
INFO: [ app_end ] --END-- [ RunTime:0.001015s ]

[ 2016-12-05T10:55:21+08:00 ] 127.0.0.1 /weiju/index.php/Admin/login
INFO: [ app_init ] --START--
INFO: Run Behavior\BuildLiteBehavior [ RunTime:0.000127s ]
INFO: [ app_init ] --END-- [ RunTime:0.001241s ]
INFO: [ app_begin ] --START--
INFO: Run Behavior\ReadHtmlCacheBehavior [ RunTime:0.002936s ]
INFO: [ app_begin ] --END-- [ RunTime:0.003092s ]
INFO: [ view_parse ] --START--
INFO: [ template_filter ] --START--
INFO: Run Behavior\ContentReplaceBehavior [ RunTime:0.000071s ]
INFO: [ template_filter ] --END-- [ RunTime:0.000166s ]
INFO: Run Behavior\ParseTemplateBehavior [ RunTime:0.017107s ]
INFO: [ view_parse ] --END-- [ RunTime:0.017226s ]
INFO: [ view_filter ] --START--
INFO: Run Behavior\WriteHtmlCacheBehavior [ RunTime:0.001090s ]
INFO: [ view_filter ] --END-- [ RunTime:0.001162s ]
INFO: [ app_end ] --START--
INFO: Run Behavior\ShowPageTraceBehavior [ RunTime:0.001465s ]
INFO: [ app_end ] --END-- [ RunTime:0.001541s ]

[ 2016-12-05T10:55:21+08:00 ] 127.0.0.1 /weiju/index.php/Admin/images/%E7%99%BB%E5%BD%95_u17.png
INFO: [ app_init ] --START--
INFO: Run Behavior\BuildLiteBehavior [ RunTime:0.000032s ]
INFO: [ app_init ] --END-- [ RunTime:0.001144s ]

